<?xml version="1.0" encoding="UTF-8"?>
<!-- Generated by org.testng.reporters.JUnitReportReporter -->
<testsuite skipped="0" hostname="Admin-PC" name="tests.NewTest" tests="1" failures="0" timestamp="2021-07-06T18:42:17 IST" time="3.691" errors="0">
  <testcase name="openMyBlog" time="3.691" classname="tests.NewTest"/>
  <system-out/>
</testsuite> <!-- tests.NewTest -->
