<?xml version="1.0" encoding="UTF-8"?>
<!-- Generated by org.testng.reporters.JUnitReportReporter -->
<testsuite skipped="0" hostname="Admin-PC" name="tests.NewTest" tests="1" failures="0" timestamp="2021-07-06T18:40:13 IST" time="5.605" errors="0">
  <testcase name="openMyBlog" time="5.605" classname="tests.NewTest"/>
  <system-out/>
</testsuite> <!-- tests.NewTest -->
